<?xml version="1.0" encoding="UTF-8"?>
<testsuite xmlns:xsi="http://www.w3.org/2001/XMLSchema-instance" xsi:noNamespaceSchemaLocation="https://maven.apache.org/surefire/maven-surefire-plugin/xsd/surefire-test-report-3.0.xsd" version="3.0" name="pwo.lab13.TextTest" time="0.098" tests="13" errors="0" skipped="0" failures="0">
  <properties>
[...]
</properties>
  <testcase name="notContainsDigitsTest2(String)[1]" classname="pwo.lab13.TextTest" time="0.015">
    <system-out><![CDATA[(test negatywny) String: t33s4t zawiera cyfry
]]></system-out>
  </testcase>
  <testcase name="notContainsDigitsTest(String)[1]" classname="pwo.lab13.TextTest" time="0.01">
    <system-out><![CDATA[(test pozytywny) String: asdafasd nie zawiera cyfr
]]></system-out>
  </testcase>
  <testcase name="notContainsDigitsTest(String)[2]" classname="pwo.lab13.TextTest" time="0.001">
    <system-out><![CDATA[(test pozytywny) String: bdasdhaW nie zawiera cyfr
]]></system-out>
  </testcase>
  <testcase name="containsOnlyDigitsTest2(String)[1]" classname="pwo.lab13.TextTest" time="0.001">
    <system-out><![CDATA[(test negatywny) String: 444a555b666c nie zawiera wyłącznie cyfr
]]></system-out>
  </testcase>
  <testcase name="numberOfDigitsTest(String)[1]" classname="pwo.lab13.TextTest" time="0.004">
    <system-out><![CDATA[(test pozytywny) Liczba cyfr w: t33s4t=3
]]></system-out>
  </testcase>
  <testcase name="containsOnlyDigitsTest(String)[1]" classname="pwo.lab13.TextTest" time="0.004">
    <system-out><![CDATA[(test pozytywny) String: 444555666 zawiera wyłącznie cyfry
]]></system-out>
  </testcase>
  <testcase name="cont5DigTest1(String)[1]" classname="pwo.lab13.TextTest" time="0.001">
    <system-out><![CDATA[Test pozytywny dla: aa234bb34sd
]]></system-out>
  </testcase>
  <testcase name="cont5DigTest1(String)[2]" classname="pwo.lab13.TextTest" time="0.003">
    <system-out><![CDATA[Test pozytywny dla: 1 2 3 4 5
]]></system-out>
  </testcase>
  <testcase name="cont5DigTest1(String)[3]" classname="pwo.lab13.TextTest" time="0">
    <system-out><![CDATA[Test pozytywny dla: xx12x12x1x
]]></system-out>
  </testcase>
  <testcase name="cont5DigTest2(String)[1]" classname="pwo.lab13.TextTest" time="0">
    <system-out><![CDATA[Test negatywny dla: aa23bb34sd
]]></system-out>
  </testcase>
  <testcase name="cont5DigTest2(String)[2]" classname="pwo.lab13.TextTest" time="0.002">
    <system-out><![CDATA[Test negatywny dla: 1 2 x 4 5
]]></system-out>
  </testcase>
  <testcase name="cont5DigTest2(String)[3]" classname="pwo.lab13.TextTest" time="0.001">
    <system-out><![CDATA[Test negatywny dla: xx1x12x1x
]]></system-out>
  </testcase>
  <testcase name="numberOfDigitsTest2(String)[1]" classname="pwo.lab13.TextTest" time="0.001">
    <system-out><![CDATA[(test negatywny) Liczba cyfr w: t33s4t=3
]]></system-out>
  </testcase>
</testsuite>